<?xml version="1.0" encoding="UTF-8"?>
<!-- Generated by org.testng.reporters.JUnitReportReporter -->
<testsuite hostname="DESKTOP-F19MUSH" failures="0" tests="1" name="com.test.PostAPITest" time="2.392" errors="0" timestamp="2025-03-23T01:20:50 IST" skipped="0">
  <testcase classname="com.test.PostAPITest" name="testCreateUser" time="2.392"/>
</testsuite> <!-- com.test.PostAPITest -->
