<?xml version="1.0" encoding="UTF-8"?>
<!-- Generated by org.testng.reporters.JUnitReportReporter -->
<testsuite hostname="DESKTOP-F19MUSH" failures="0" tests="1" name="com.test.LoginTest" time="0.209" errors="0" timestamp="2025-03-23T01:16:04 IST" skipped="0">
  <testcase classname="com.test.LoginTest" name="testLogin" time="0.209"/>
</testsuite> <!-- com.test.LoginTest -->
